Demo
Total BFLOPS 65.421 

 seen 32 
video file: Videos/myvid.mp4
Video stream: 1920 x 1080 
[2J[1;1H
FPS:0.0
Objects:

[2J[1;1H
FPS:0.0
Objects:

[2J[1;1H
FPS:0.0
Objects:

[2J[1;1H
FPS:16.2
Objects:

[2J[1;1H
FPS:16.4
Objects:

[2J[1;1H
FPS:15.9
Objects:

[2J[1;1H
FPS:16.7
Objects:

[2J[1;1H
FPS:16.4
Objects:

[2J[1;1H
FPS:16.7
Objects:

[2J[1;1H
FPS:16.7
Objects:

[2J[1;1H
FPS:16.7
Objects:

[2J[1;1H
FPS:16.7
Objects:

[2J[1;1H
FPS:16.4
Objects:

[2J[1;1H
FPS:16.7
Objects:

[2J[1;1H
FPS:16.7
Objects:

[2J[1;1H
FPS:16.4
Objects:

[2J[1;1H
FPS:16.7
Objects:

[2J[1;1H
FPS:16.7
Objects:

[2J[1;1H
FPS:16.4
Objects:

[2J[1;1H
FPS:16.4
Objects:

[2J[1;1H
FPS:16.7
Objects:

[2J[1;1H
FPS:16.7
Objects:

[2J[1;1H
FPS:16.4
Objects:

[2J[1;1H
FPS:16.7
Objects:

[2J[1;1H
FPS:16.7
Objects:

[2J[1;1H
FPS:16.4
Objects:

[2J[1;1H
FPS:16.7
Objects:

[2J[1;1H
FPS:16.4
Objects:

[2J[1;1H
FPS:16.7
Objects:

[2J[1;1H
FPS:16.7
Objects:

[2J[1;1H
FPS:16.4
Objects:

[2J[1;1H
FPS:16.7
Objects:

[2J[1;1H
FPS:16.7
Objects:

[2J[1;1H
FPS:16.7
Objects:

[2J[1;1H
FPS:16.4
Objects:

[2J[1;1H
FPS:16.7
Objects:

[2J[1;1H
FPS:16.7
Objects:

[2J[1;1H
FPS:16.4
Objects:

[2J[1;1H
FPS:16.7
Objects:

[2J[1;1H
FPS:16.7
Objects:

[2J[1;1H
FPS:16.7
Objects:

[2J[1;1H
FPS:16.7
Objects:

[2J[1;1H
FPS:16.4
Objects:

[2J[1;1H
FPS:16.7
Objects:

[2J[1;1H
FPS:16.7
Objects:

[2J[1;1H
FPS:16.7
Objects:

[2J[1;1H
FPS:16.4
Objects:

[2J[1;1H
FPS:16.7
Objects:

[2J[1;1H
FPS:16.7
Objects:

[2J[1;1H
FPS:16.7
Objects:

[2J[1;1H
FPS:16.7
Objects:

[2J[1;1H
FPS:16.7
Objects:

[2J[1;1H
FPS:16.7
Objects:

[2J[1;1H
FPS:16.7
Objects:

[2J[1;1H
FPS:16.7
Objects:

[2J[1;1H
FPS:16.7
Objects:

[2J[1;1H
FPS:16.4
Objects:

[2J[1;1H
FPS:16.7
Objects:

[2J[1;1H
FPS:16.4
Objects:

[2J[1;1H
FPS:16.7
Objects:

[2J[1;1H
FPS:16.7
Objects:

[2J[1;1H
FPS:16.4
Objects:

[2J[1;1H
FPS:16.7
Objects:

[2J[1;1H
FPS:16.7
Objects:

[2J[1;1H
FPS:16.7
Objects:

[2J[1;1H
FPS:16.7
Objects:

[2J[1;1H
FPS:16.4
Objects:

[2J[1;1H
FPS:16.7
Objects:

[2J[1;1H
FPS:16.7
Objects:

[2J[1;1H
FPS:16.7
Objects:

[2J[1;1H
FPS:16.4
Objects:

[2J[1;1H
FPS:16.7
Objects:

[2J[1;1H
FPS:16.4
Objects:

[2J[1;1H
FPS:16.7
Objects:

[2J[1;1H
FPS:16.7
Objects:

[2J[1;1H
FPS:16.7
Objects:

[2J[1;1H
FPS:16.4
Objects:

[2J[1;1H
FPS:16.7
Objects:

[2J[1;1H
FPS:16.4
Objects:

[2J[1;1H
FPS:16.7
Objects:

[2J[1;1H
FPS:16.4
Objects:

[2J[1;1H
FPS:16.4
Objects:

[2J[1;1H
FPS:16.7
Objects:

[2J[1;1H
FPS:16.7
Objects:

[2J[1;1H
FPS:16.7
Objects:

[2J[1;1H
FPS:16.7
Objects:

[2J[1;1H
FPS:16.4
Objects:

[2J[1;1H
FPS:16.7
Objects:

[2J[1;1H
FPS:16.4
Objects:

[2J[1;1H
FPS:16.7
Objects:

[2J[1;1H
FPS:16.7
Objects:

[2J[1;1H
FPS:16.4
Objects:

[2J[1;1H
FPS:16.7
Objects:

[2J[1;1H
FPS:16.7
Objects:

[2J[1;1H
FPS:16.7
Objects:

[2J[1;1H
FPS:16.4
Objects:

[2J[1;1H
FPS:16.7
Objects:

[2J[1;1H
FPS:16.7
Objects:

[2J[1;1H
FPS:16.4
Objects:

[2J[1;1H
FPS:16.7
Objects:

[2J[1;1H
FPS:16.7
Objects:

[2J[1;1H
FPS:16.4
Objects:

[2J[1;1H
FPS:16.4
Objects:

[2J[1;1H
FPS:16.7
Objects:

Maximum_60: 33% 
[2J[1;1H
FPS:16.4
Objects:

[2J[1;1H
FPS:16.7
Objects:

[2J[1;1H
FPS:16.4
Objects:

[2J[1;1H
FPS:16.7
Objects:

[2J[1;1H
FPS:16.7
Objects:

Right_turn: 26% 
[2J[1;1H
FPS:16.4
Objects:

[2J[1;1H
FPS:16.4
Objects:

[2J[1;1H
FPS:16.7
Objects:

Pedestrian_walk: 25% 
[2J[1;1H
FPS:16.4
Objects:

Right_turn: 29% 
[2J[1;1H
FPS:16.4
Objects:

[2J[1;1H
FPS:16.7
Objects:

Pedestrian_walk: 48% 
[2J[1;1H
FPS:16.7
Objects:

[2J[1;1H
FPS:16.4
Objects:

[2J[1;1H
FPS:16.7
Objects:

[2J[1;1H
FPS:16.4
Objects:

[2J[1;1H
FPS:16.7
Objects:

[2J[1;1H
FPS:16.4
Objects:

[2J[1;1H
FPS:16.7
Objects:

[2J[1;1H
FPS:16.7
Objects:

[2J[1;1H
FPS:16.4
Objects:

[2J[1;1H
FPS:16.7
Objects:

[2J[1;1H
FPS:16.4
Objects:

[2J[1;1H
FPS:16.7
Objects:

[2J[1;1H
FPS:16.7
Objects:

[2J[1;1H
FPS:16.7
Objects:

[2J[1;1H
FPS:16.4
Objects:

[2J[1;1H
FPS:16.7
Objects:

[2J[1;1H
FPS:16.7
Objects:

[2J[1;1H
FPS:16.4
Objects:

[2J[1;1H
FPS:16.7
Objects:

[2J[1;1H
FPS:16.4
Objects:

[2J[1;1H
FPS:16.7
Objects:

[2J[1;1H
FPS:16.4
Objects:

[2J[1;1H
FPS:16.4
Objects:

[2J[1;1H
FPS:16.7
Objects:

[2J[1;1H
FPS:16.4
Objects:

[2J[1;1H
FPS:16.7
Objects:

[2J[1;1H
FPS:16.4
Objects:

[2J[1;1H
FPS:16.7
Objects:

[2J[1;1H
FPS:16.7
Objects:

[2J[1;1H
FPS:16.7
Objects:

[2J[1;1H
FPS:16.4
Objects:

[2J[1;1H
FPS:16.7
Objects:

[2J[1;1H
FPS:16.4
Objects:

[2J[1;1H
FPS:16.7
Objects:

[2J[1;1H
FPS:16.7
Objects:

[2J[1;1H
FPS:16.7
Objects:

[2J[1;1H
FPS:16.4
Objects:

[2J[1;1H
FPS:16.7
Objects:

[2J[1;1H
FPS:16.4
Objects:

[2J[1;1H
FPS:16.7
Objects:

[2J[1;1H
FPS:16.4
Objects:

[2J[1;1H
FPS:16.7
Objects:

[2J[1;1H
FPS:16.7
Objects:

[2J[1;1H
FPS:16.4
Objects:

[2J[1;1H
FPS:16.7
Objects:

[2J[1;1H
FPS:16.7
Objects:

[2J[1;1H
FPS:16.4
Objects:

[2J[1;1H
FPS:16.7
Objects:

[2J[1;1H
FPS:16.4
Objects:

[2J[1;1H
FPS:16.7
Objects:

[2J[1;1H
FPS:16.7
Objects:

[2J[1;1H
FPS:16.7
Objects:

[2J[1;1H
FPS:16.4
Objects:

[2J[1;1H
FPS:16.7
Objects:

[2J[1;1H
FPS:16.4
Objects:

[2J[1;1H
FPS:16.7
Objects:

[2J[1;1H
FPS:16.4
Objects:

[2J[1;1H
FPS:16.7
Objects:

[2J[1;1H
FPS:16.4
Objects:

[2J[1;1H
FPS:16.7
Objects:

[2J[1;1H
FPS:16.4
Objects:

[2J[1;1H
FPS:16.7
Objects:

[2J[1;1H
FPS:16.4
Objects:

[2J[1;1H
FPS:16.4
Objects:

[2J[1;1H
FPS:16.7
Objects:

[2J[1;1H
FPS:16.7
Objects:

[2J[1;1H
FPS:16.4
Objects:

[2J[1;1H
FPS:16.7
Objects:

[2J[1;1H
FPS:16.4
Objects:

[2J[1;1H
FPS:16.7
Objects:

[2J[1;1H
FPS:16.4
Objects:

[2J[1;1H
FPS:16.4
Objects:

[2J[1;1H
FPS:16.7
Objects:

[2J[1;1H
FPS:16.4
Objects:

[2J[1;1H
FPS:16.7
Objects:

[2J[1;1H
FPS:16.4
Objects:

[2J[1;1H
FPS:16.7
Objects:

[2J[1;1H
FPS:16.4
Objects:

[2J[1;1H
FPS:16.7
Objects:

[2J[1;1H
FPS:16.4
Objects:

[2J[1;1H
FPS:16.7
Objects:

[2J[1;1H
FPS:16.7
Objects:

[2J[1;1H
FPS:16.4
Objects:

[2J[1;1H
FPS:16.7
Objects:

[2J[1;1H
FPS:16.4
Objects:

[2J[1;1H
FPS:16.4
Objects:

[2J[1;1H
FPS:16.7
Objects:

[2J[1;1H
FPS:16.4
Objects:

[2J[1;1H
FPS:16.4
Objects:

[2J[1;1H
FPS:16.7
Objects:

[2J[1;1H
FPS:16.4
Objects:

[2J[1;1H
FPS:16.7
Objects:

[2J[1;1H
FPS:16.4
Objects:

[2J[1;1H
FPS:16.7
Objects:

[2J[1;1H
FPS:16.7
Objects:

[2J[1;1H
FPS:16.4
Objects:

[2J[1;1H
FPS:16.7
Objects:

[2J[1;1H
FPS:16.4
Objects:

[2J[1;1H
FPS:16.7
Objects:

[2J[1;1H
FPS:16.7
Objects:

[2J[1;1H
FPS:16.4
Objects:

[2J[1;1H
FPS:16.4
Objects:

[2J[1;1H
FPS:16.7
Objects:

[2J[1;1H
FPS:16.4
Objects:

[2J[1;1H
FPS:16.4
Objects:

[2J[1;1H
FPS:16.7
Objects:

[2J[1;1H
FPS:16.7
Objects:

[2J[1;1H
FPS:16.4
Objects:

[2J[1;1H
FPS:16.7
Objects:

[2J[1;1H
FPS:16.4
Objects:

[2J[1;1H
FPS:16.4
Objects:

[2J[1;1H
FPS:16.7
Objects:

[2J[1;1H
FPS:16.4
Objects:

[2J[1;1H
FPS:16.7
Objects:

[2J[1;1H
FPS:16.7
Objects:

[2J[1;1H
FPS:16.4
Objects:

[2J[1;1H
FPS:16.7
Objects:

[2J[1;1H
FPS:16.7
Objects:

[2J[1;1H
FPS:16.4
Objects:

[2J[1;1H
FPS:16.7
Objects:

[2J[1;1H
FPS:16.4
Objects:

[2J[1;1H
FPS:16.7
Objects:

[2J[1;1H
FPS:16.7
Objects:

[2J[1;1H
FPS:16.7
Objects:

[2J[1;1H
FPS:16.4
Objects:

[2J[1;1H
FPS:16.4
Objects:

[2J[1;1H
FPS:16.7
Objects:

[2J[1;1H
FPS:16.4
Objects:

[2J[1;1H
FPS:16.7
Objects:

[2J[1;1H
FPS:16.4
Objects:

[2J[1;1H
FPS:16.7
Objects:

[2J[1;1H
FPS:16.7
Objects:

[2J[1;1H
FPS:16.4
Objects:

[2J[1;1H
FPS:16.7
Objects:

[2J[1;1H
FPS:16.4
Objects:

[2J[1;1H
FPS:16.7
Objects:

[2J[1;1H
FPS:16.4
Objects:

[2J[1;1H
FPS:16.7
Objects:

[2J[1;1H
FPS:16.4
Objects:

[2J[1;1H
FPS:16.7
Objects:

[2J[1;1H
FPS:16.4
Objects:

[2J[1;1H
FPS:16.7
Objects:

[2J[1;1H
FPS:16.4
Objects:

[2J[1;1H
FPS:16.7
Objects:

[2J[1;1H
FPS:16.4
Objects:

[2J[1;1H
FPS:16.7
Objects:

[2J[1;1H
FPS:16.4
Objects:

[2J[1;1H
FPS:16.7
Objects:

[2J[1;1H
FPS:16.4
Objects:

[2J[1;1H
FPS:16.4
Objects:

[2J[1;1H
FPS:16.7
Objects:

[2J[1;1H
FPS:16.4
Objects:

[2J[1;1H
FPS:16.7
Objects:

[2J[1;1H
FPS:16.4
Objects:

[2J[1;1H
FPS:16.7
Objects:

[2J[1;1H
FPS:16.4
Objects:

[2J[1;1H
FPS:16.7
Objects:

[2J[1;1H
FPS:16.7
Objects:

[2J[1;1H
FPS:16.4
Objects:

[2J[1;1H
FPS:16.7
Objects:

[2J[1;1H
FPS:16.4
Objects:

[2J[1;1H
FPS:16.7
Objects:

[2J[1;1H
FPS:16.7
Objects:

[2J[1;1H
FPS:16.4
Objects:

[2J[1;1H
FPS:16.7
Objects:

[2J[1;1H
FPS:16.7
Objects:

[2J[1;1H
FPS:16.4
Objects:

[2J[1;1H
FPS:16.4
Objects:

Maximum_60: 32% 
[2J[1;1H
FPS:16.7
Objects:

[2J[1;1H
FPS:16.4
Objects:

[2J[1;1H
FPS:16.4
Objects:

[2J[1;1H
FPS:16.7
Objects:

[2J[1;1H
FPS:16.4
Objects:

[2J[1;1H
FPS:16.7
Objects:

[2J[1;1H
FPS:16.4
Objects:

[2J[1;1H
FPS:16.7
Objects:

[2J[1;1H
FPS:16.4
Objects:

[2J[1;1H
FPS:16.7
Objects:

[2J[1;1H
FPS:16.7
Objects:

Maximum_50: 47% 
[2J[1;1H
FPS:16.7
Objects:

[2J[1;1H
FPS:16.4
Objects:

[2J[1;1H
FPS:16.7
Objects:

[2J[1;1H
FPS:16.4
Objects:

[2J[1;1H
FPS:16.7
Objects:

[2J[1;1H
FPS:16.4
Objects:

[2J[1;1H
FPS:16.7
Objects:

[2J[1;1H
FPS:16.4
Objects:

[2J[1;1H
FPS:16.7
Objects:

[2J[1;1H
FPS:16.4
Objects:

[2J[1;1H
FPS:16.7
Objects:

[2J[1;1H
FPS:16.4
Objects:

[2J[1;1H
FPS:16.7
Objects:

[2J[1;1H
FPS:16.7
Objects:

[2J[1;1H
FPS:16.4
Objects:

[2J[1;1H
FPS:16.7
Objects:

[2J[1;1H
FPS:16.7
Objects:

[2J[1;1H
FPS:16.4
Objects:

[2J[1;1H
FPS:16.7
Objects:

[2J[1;1H
FPS:16.7
Objects:

[2J[1;1H
FPS:16.4
Objects:

[2J[1;1H
FPS:16.7
Objects:

[2J[1;1H
FPS:16.4
Objects:

[2J[1;1H
FPS:16.4
Objects:

[2J[1;1H
FPS:16.7
Objects:

[2J[1;1H
FPS:16.7
Objects:

[2J[1;1H
FPS:16.4
Objects:

[2J[1;1H
FPS:16.7
Objects:

[2J[1;1H
FPS:16.7
Objects:

[2J[1;1H
FPS:16.4
Objects:

[2J[1;1H
FPS:16.4
Objects:

[2J[1;1H
FPS:16.7
Objects:

[2J[1;1H
FPS:16.7
Objects:

[2J[1;1H
FPS:16.4
Objects:

[2J[1;1H
FPS:16.7
Objects:

[2J[1;1H
FPS:16.7
Objects:

[2J[1;1H
FPS:16.4
Objects:

[2J[1;1H
FPS:16.4
Objects:

[2J[1;1H
FPS:16.7
Objects:

[2J[1;1H
FPS:16.4
Objects:

Maximum_60: 32% Right_turn: 39% 
[2J[1;1H
FPS:16.7
Objects:

[2J[1;1H
FPS:16.4
Objects:

[2J[1;1H
FPS:16.7
Objects:

Right_turn: 88% 
[2J[1;1H
FPS:16.7
Objects:

Right_turn: 28% 
[2J[1;1H
FPS:16.4
Objects:

[2J[1;1H
FPS:16.4
Objects:

[2J[1;1H
FPS:16.7
Objects:

[2J[1;1H
FPS:16.7
Objects:

[2J[1;1H
FPS:16.7
Objects:

[2J[1;1H
FPS:16.7
Objects:

[2J[1;1H
FPS:16.4
Objects:

[2J[1;1H
FPS:16.7
Objects:

[2J[1;1H
FPS:16.4
Objects:

[2J[1;1H
FPS:16.7
Objects:

[2J[1;1H
FPS:16.4
Objects:

[2J[1;1H
FPS:16.7
Objects:

[2J[1;1H
FPS:16.4
Objects:

[2J[1;1H
FPS:16.7
Objects:

[2J[1;1H
FPS:16.4
Objects:

[2J[1;1H
FPS:16.4
Objects:

[2J[1;1H
FPS:16.7
Objects:

[2J[1;1H
FPS:16.7
Objects:

[2J[1;1H
FPS:16.4
Objects:

[2J[1;1H
FPS:16.4
Objects:

[2J[1;1H
FPS:16.7
Objects:

[2J[1;1H
FPS:16.4
Objects:

[2J[1;1H
FPS:16.7
Objects:

[2J[1;1H
FPS:16.4
Objects:

[2J[1;1H
FPS:16.7
Objects:

[2J[1;1H
FPS:16.4
Objects:

[2J[1;1H
FPS:16.7
Objects:

[2J[1;1H
FPS:16.7
Objects:

[2J[1;1H
FPS:16.4
Objects:

[2J[1;1H
FPS:16.7
Objects:

[2J[1;1H
FPS:16.4
Objects:

[2J[1;1H
FPS:16.7
Objects:

[2J[1;1H
FPS:16.7
Objects:

[2J[1;1H
FPS:16.4
Objects:

[2J[1;1H
FPS:16.4
Objects:

[2J[1;1H
FPS:16.7
Objects:

[2J[1;1H
FPS:16.4
Objects:

[2J[1;1H
FPS:16.7
Objects:

[2J[1;1H
FPS:16.7
Objects:

[2J[1;1H
FPS:16.4
Objects:

[2J[1;1H
FPS:16.7
Objects:

[2J[1;1H
FPS:16.7
Objects:

[2J[1;1H
FPS:16.7
Objects:

[2J[1;1H
FPS:16.4
Objects:

[2J[1;1H
FPS:16.7
Objects:

[2J[1;1H
FPS:16.4
Objects:

Stop: 41% 
[2J[1;1H
FPS:16.7
Objects:

[2J[1;1H
FPS:16.4
Objects:

[2J[1;1H
FPS:16.7
Objects:

[2J[1;1H
FPS:16.7
Objects:

[2J[1;1H
FPS:16.7
Objects:

[2J[1;1H
FPS:16.4
Objects:

[2J[1;1H
FPS:16.7
Objects:

[2J[1;1H
FPS:16.7
Objects:

[2J[1;1H
FPS:16.4
Objects:

[2J[1;1H
FPS:16.7
Objects:

[2J[1;1H
FPS:16.4
Objects:

[2J[1;1H
FPS:16.7
Objects:

[2J[1;1H
FPS:16.4
Objects:

[2J[1;1H
FPS:16.7
Objects:

[2J[1;1H
FPS:16.4
Objects:

[2J[1;1H
FPS:16.7
Objects:

[2J[1;1H
FPS:16.7
Objects:

[2J[1;1H
FPS:16.7
Objects:

[2J[1;1H
FPS:16.4
Objects:

[2J[1;1H
FPS:16.7
Objects:

[2J[1;1H
FPS:16.7
Objects:

[2J[1;1H
FPS:16.7
Objects:

Stop: 29% 
[2J[1;1H
FPS:16.4
Objects:

Stop: 32% 
[2J[1;1H
FPS:16.7
Objects:

[2J[1;1H
FPS:16.7
Objects:

[2J[1;1H
FPS:16.4
Objects:

Stop: 44% 
[2J[1;1H
FPS:16.4
Objects:

[2J[1;1H
FPS:16.7
Objects:

Stop: 45% 
[2J[1;1H
FPS:16.4
Objects:

[2J[1;1H
FPS:16.7
Objects:

Stop: 25% 
[2J[1;1H
FPS:16.4
Objects:

Stop: 43% 
[2J[1;1H
FPS:16.7
Objects:

[2J[1;1H
FPS:16.7
Objects:

[2J[1;1H
FPS:16.7
Objects:

[2J[1;1H
FPS:16.4
Objects:

Stop: 50% 
[2J[1;1H
FPS:16.4
Objects:

Stop: 61% 
[2J[1;1H
FPS:16.7
Objects:

Stop: 49% 
[2J[1;1H
FPS:16.4
Objects:

Stop: 60% 
[2J[1;1H
FPS:16.4
Objects:

Stop: 67% 
[2J[1;1H
FPS:16.7
Objects:

Stop: 31% 
[2J[1;1H
FPS:16.4
Objects:

Stop: 54% 
[2J[1;1H
FPS:16.4
Objects:

Stop: 37% 
Stop: 41% 
[2J[1;1H
FPS:16.7
Objects:

Stop: 50% 
[2J[1;1H
FPS:16.7
Objects:

Stop: 72% 
Stop: 60% 
[2J[1;1H
FPS:16.4
Objects:

Stop: 54% 
Stop: 45% 
[2J[1;1H
FPS:16.4
Objects:

Stop: 37% 
Stop: 42% 
[2J[1;1H
FPS:16.4
Objects:

Stop: 56% 
[2J[1;1H
FPS:16.7
Objects:

Stop: 67% 
[2J[1;1H
FPS:16.4
Objects:

Stop: 52% 
Stop: 82% 
[2J[1;1H
FPS:16.7
Objects:

Stop: 37% 
Stop: 79% 
[2J[1;1H
FPS:16.4
Objects:

Stop: 61% 
Stop: 80% 
[2J[1;1H
FPS:16.4
Objects:

Stop: 73% 
[2J[1;1H
FPS:16.7
Objects:

Stop: 57% 
[2J[1;1H
FPS:16.7
Objects:

Stop: 35% 
[2J[1;1H
FPS:16.4
Objects:

[2J[1;1H
FPS:16.4
Objects:

Stop: 51% 
Stop: 60% 
[2J[1;1H
FPS:16.7
Objects:

Stop: 30% 
Stop: 80% 
[2J[1;1H
FPS:16.4
Objects:

Stop: 81% 
[2J[1;1H
FPS:16.4
Objects:

Stop: 69% 
[2J[1;1H
FPS:16.4
Objects:

Stop: 67% 
[2J[1;1H
FPS:16.4
Objects:

Stop: 60% 
[2J[1;1H
FPS:16.7
Objects:

Stop: 32% 
[2J[1;1H
FPS:16.4
Objects:

Stop: 26% 
Stop: 27% 
[2J[1;1H
FPS:16.4
Objects:

Stop: 33% 
Stop: 37% 
[2J[1;1H
FPS:16.7
Objects:

Stop: 65% 
[2J[1;1H
FPS:16.4
Objects:

Stop: 85% 
[2J[1;1H
FPS:16.7
Objects:

Stop: 70% 
[2J[1;1H
FPS:16.7
Objects:

Stop: 64% 
[2J[1;1H
FPS:16.4
Objects:

Stop: 39% 
[2J[1;1H
FPS:16.7
Objects:

Stop: 36% 
[2J[1;1H
FPS:16.4
Objects:

Stop: 35% 
[2J[1;1H
FPS:16.7
Objects:

Stop: 38% 
[2J[1;1H
FPS:16.4
Objects:

Stop: 62% 
[2J[1;1H
FPS:16.7
Objects:

Stop: 80% 
[2J[1;1H
FPS:16.4
Objects:

Stop: 65% 
[2J[1;1H
FPS:16.7
Objects:

Stop: 55% 
[2J[1;1H
FPS:16.4
Objects:

Stop: 59% 
[2J[1;1H
FPS:16.7
Objects:

Stop: 29% 
[2J[1;1H
FPS:16.4
Objects:

Stop: 28% 
[2J[1;1H
FPS:16.7
Objects:

Stop: 51% 
[2J[1;1H
FPS:16.4
Objects:

Stop: 31% 
[2J[1;1H
FPS:16.7
Objects:

Stop: 42% 
[2J[1;1H
FPS:16.4
Objects:

[2J[1;1H
FPS:16.7
Objects:

[2J[1;1H
FPS:16.4
Objects:

[2J[1;1H
FPS:16.7
Objects:

[2J[1;1H
FPS:16.4
Objects:

[2J[1;1H
FPS:16.7
Objects:

[2J[1;1H
FPS:16.7
Objects:

[2J[1;1H
FPS:16.4
Objects:

[2J[1;1H
FPS:16.7
Objects:

[2J[1;1H
FPS:16.7
Objects:

[2J[1;1H
FPS:16.7
Objects:

[2J[1;1H
FPS:16.4
Objects:

[2J[1;1H
FPS:16.4
Objects:

[2J[1;1H
FPS:16.7
Objects:

[2J[1;1H
FPS:16.7
Objects:

[2J[1;1H
FPS:16.7
Objects:

[2J[1;1H
FPS:16.7
Objects:

[2J[1;1H
FPS:16.4
Objects:

[2J[1;1H
FPS:16.7
Objects:

[2J[1;1H
FPS:16.7
Objects:

Stop: 26% 
[2J[1;1H
FPS:16.4
Objects:

[2J[1;1H
FPS:16.7
Objects:

[2J[1;1H
FPS:16.4
Objects:

[2J[1;1H
FPS:16.7
Objects:

[2J[1;1H
FPS:16.4
Objects:

[2J[1;1H
FPS:16.7
Objects:

[2J[1;1H
FPS:16.4
Objects:

[2J[1;1H
FPS:16.4
Objects:

[2J[1;1H
FPS:16.7
Objects:

[2J[1;1H
FPS:16.4
Objects:

[2J[1;1H
FPS:16.7
Objects:

[2J[1;1H
FPS:16.4
Objects:

[2J[1;1H
FPS:16.7
Objects:

[2J[1;1H
FPS:16.4
Objects:

[2J[1;1H
FPS:16.7
Objects:

[2J[1;1H
FPS:16.7
Objects:

[2J[1;1H
FPS:16.7
Objects:

[2J[1;1H
FPS:16.4
Objects:

[2J[1;1H
FPS:16.7
Objects:

[2J[1;1H
FPS:16.4
Objects:

[2J[1;1H
FPS:16.7
Objects:

[2J[1;1H
FPS:16.4
Objects:

[2J[1;1H
FPS:16.7
Objects:

[2J[1;1H
FPS:16.4
Objects:

[2J[1;1H
FPS:16.7
Objects:

[2J[1;1H
FPS:16.4
Objects:

[2J[1;1H
FPS:16.4
Objects:

[2J[1;1H
FPS:16.7
Objects:

[2J[1;1H
FPS:16.7
Objects:

[2J[1;1H
FPS:16.4
Objects:

[2J[1;1H
FPS:16.7
Objects:

[2J[1;1H
FPS:16.7
Objects:

[2J[1;1H
FPS:16.4
Objects:

[2J[1;1H
FPS:16.7
Objects:

[2J[1;1H
FPS:16.4
Objects:

[2J[1;1H
FPS:16.7
Objects:

[2J[1;1H
FPS:16.4
Objects:

[2J[1;1H
FPS:16.4
Objects:

[2J[1;1H
FPS:16.7
Objects:

[2J[1;1H
FPS:16.7
Objects:

[2J[1;1H
FPS:16.4
Objects:

[2J[1;1H
FPS:16.7
Objects:

[2J[1;1H
FPS:16.4
Objects:

[2J[1;1H
FPS:16.7
Objects:

[2J[1;1H
FPS:16.4
Objects:

[2J[1;1H
FPS:16.4
Objects:

[2J[1;1H
FPS:16.7
Objects:

[2J[1;1H
FPS:16.4
Objects:

[2J[1;1H
FPS:16.7
Objects:

[2J[1;1H
FPS:16.4
Objects:

[2J[1;1H
FPS:16.4
Objects:

[2J[1;1H
FPS:16.7
Objects:

[2J[1;1H
FPS:16.4
Objects:

[2J[1;1H
FPS:16.4
Objects:

[2J[1;1H
FPS:16.4
Objects:

[2J[1;1H
FPS:16.4
Objects:

[2J[1;1H
FPS:16.4
Objects:

[2J[1;1H
FPS:16.4
Objects:

[2J[1;1H
FPS:16.7
Objects:

[2J[1;1H
FPS:16.2
Objects:

[2J[1;1H
FPS:16.7
Objects:

[2J[1;1H
FPS:16.4
Objects:

[2J[1;1H
FPS:16.7
Objects:

[2J[1;1H
FPS:16.4
Objects:

[2J[1;1H
FPS:16.7
Objects:

[2J[1;1H
FPS:16.4
Objects:

[2J[1;1H
FPS:16.7
Objects:

[2J[1;1H
FPS:16.4
Objects:

[2J[1;1H
FPS:16.7
Objects:

Demo
Total BFLOPS 65.421 

 seen 32 
video file: Videos/myvid.mp4
Video stream: 1920 x 1080 
[2J[1;1H
FPS:0.0
Objects:

[2J[1;1H
FPS:0.0
Objects:

[2J[1;1H
FPS:0.0
Objects:

[2J[1;1H
FPS:16.2
Objects:

[2J[1;1H
FPS:16.4
Objects:

[2J[1;1H
FPS:16.4
Objects:

[2J[1;1H
FPS:15.7
Objects:

[2J[1;1H
FPS:16.7
Objects:

[2J[1;1H
FPS:16.7
Objects:

[2J[1;1H
FPS:16.7
Objects:

[2J[1;1H
FPS:16.4
Objects:

[2J[1;1H
FPS:16.7
Objects:

[2J[1;1H
FPS:16.4
Objects:

[2J[1;1H
FPS:16.7
Objects:

[2J[1;1H
FPS:16.7
Objects:

[2J[1;1H
FPS:16.4
Objects:

[2J[1;1H
FPS:16.7
Objects:

[2J[1;1H
FPS:16.7
Objects:

[2J[1;1H
FPS:16.7
Objects:

[2J[1;1H
FPS:16.4
Objects:

[2J[1;1H
FPS:16.4
Objects:

[2J[1;1H
FPS:16.4
Objects:

[2J[1;1H
FPS:16.7
Objects:

[2J[1;1H
FPS:16.7
Objects:

[2J[1;1H
FPS:16.4
Objects:

[2J[1;1H
FPS:16.7
Objects:

[2J[1;1H
FPS:16.4
Objects:

[2J[1;1H
FPS:16.7
Objects:

[2J[1;1H
FPS:16.7
Objects:

[2J[1;1H
FPS:16.4
Objects:

[2J[1;1H
FPS:16.7
Objects:

[2J[1;1H
FPS:16.4
Objects:

[2J[1;1H
FPS:16.7
Objects:

[2J[1;1H
FPS:16.4
Objects:

[2J[1;1H
FPS:16.7
Objects:

[2J[1;1H
FPS:16.7
Objects:

[2J[1;1H
FPS:16.7
Objects:

[2J[1;1H
FPS:16.7
Objects:

[2J[1;1H
FPS:16.4
Objects:

[2J[1;1H
FPS:16.7
Objects:

[2J[1;1H
FPS:16.7
Objects:

[2J[1;1H
FPS:16.7
Objects:

[2J[1;1H
FPS:16.4
Objects:

[2J[1;1H
FPS:16.7
Objects:

[2J[1;1H
FPS:16.4
Objects:

[2J[1;1H
FPS:16.4
Objects:

[2J[1;1H
FPS:16.7
Objects:

[2J[1;1H
FPS:16.7
Objects:

[2J[1;1H
FPS:16.7
Objects:

[2J[1;1H
FPS:16.7
Objects:

[2J[1;1H
FPS:16.7
Objects:

[2J[1;1H
FPS:16.7
Objects:

[2J[1;1H
FPS:16.7
Objects:

[2J[1;1H
FPS:15.9
Objects:

[2J[1;1H
FPS:16.4
Objects:

[2J[1;1H
FPS:16.4
Objects:

[2J[1;1H
FPS:16.4
Objects:

[2J[1;1H
FPS:16.7
Objects:

[2J[1;1H
FPS:16.7
Objects:

[2J[1;1H
FPS:16.7
Objects:

[2J[1;1H
FPS:16.7
Objects:

[2J[1;1H
FPS:16.4
Objects:

[2J[1;1H
FPS:16.4
Objects:

[2J[1;1H
FPS:16.7
Objects:

[2J[1;1H
FPS:16.7
Objects:

[2J[1;1H
FPS:16.4
Objects:

[2J[1;1H
FPS:16.7
Objects:

[2J[1;1H
FPS:16.7
Objects:

[2J[1;1H
FPS:16.7
Objects:

[2J[1;1H
FPS:16.4
Objects:

[2J[1;1H
FPS:16.7
Objects:

[2J[1;1H
FPS:16.7
Objects:

[2J[1;1H
FPS:16.7
Objects:

[2J[1;1H
FPS:15.0
Objects:

[2J[1;1H
FPS:16.7
Objects:

[2J[1;1H
FPS:16.4
Objects:

[2J[1;1H
FPS:16.7
Objects:

[2J[1;1H
FPS:16.7
Objects:

[2J[1;1H
FPS:16.7
Objects:

[2J[1;1H
FPS:16.4
Objects:

[2J[1;1H
FPS:16.7
Objects:

[2J[1;1H
FPS:16.7
Objects:

[2J[1;1H
FPS:16.4
Objects:

[2J[1;1H
FPS:16.7
Objects:

[2J[1;1H
FPS:16.4
Objects:

[2J[1;1H
FPS:16.7
Objects:

[2J[1;1H
FPS:16.7
Objects:

[2J[1;1H
FPS:16.4
Objects:

[2J[1;1H
FPS:16.7
Objects:

[2J[1;1H
FPS:16.7
Objects:

[2J[1;1H
FPS:16.7
Objects:

